[08:58:25] [Server thread/INFO]: Starting minecraft server version 1.10.2
[08:58:25] [Server thread/INFO]: Loading properties
[08:58:25] [Server thread/INFO]: Default game type: SURVIVAL
[08:58:26] [Server thread/INFO]: This server is running CraftBukkit version git-Spigot-570526c-c1b529e (MC: 1.10.2) (Implementing API version 1.10.2-R0.1-SNAPSHOT)
[08:58:26] [Server thread/INFO]: Server Ping Player Sample Count: 12
[08:58:26] [Server thread/INFO]: Using 4 threads for Netty based IO
[08:58:26] [Server thread/INFO]: Debug logging is disabled
[08:58:26] [Server thread/INFO]: Generating keypair
[08:58:26] [Server thread/INFO]: Starting Minecraft server on *:25567
[08:58:26] [Server thread/INFO]: Using epoll channel type
[08:58:26] [Server thread/INFO]: **** Beginning UUID conversion, this may take A LONG time ****
[08:58:26] [Server thread/INFO]: Preparing level "world"
[08:58:26] [Server thread/INFO]: -------- World Settings For [world] --------
[08:58:26] [Server thread/INFO]: Mob Spawn Range: 4
[08:58:26] [Server thread/INFO]: Cactus Growth Modifier: 100%
[08:58:26] [Server thread/INFO]: Cane Growth Modifier: 100%
[08:58:26] [Server thread/INFO]: Melon Growth Modifier: 100%
[08:58:26] [Server thread/INFO]: Mushroom Growth Modifier: 100%
[08:58:26] [Server thread/INFO]: Pumpkin Growth Modifier: 100%
[08:58:26] [Server thread/INFO]: Sapling Growth Modifier: 100%
[08:58:26] [Server thread/INFO]: Wheat Growth Modifier: 100%
[08:58:26] [Server thread/INFO]: NetherWart Growth Modifier: 100%
[08:58:26] [Server thread/INFO]: Vine Growth Modifier: 100%
[08:58:26] [Server thread/INFO]: Cocoa Growth Modifier: 100%
[08:58:26] [Server thread/INFO]: Entity Activation Range: An 32 / Mo 32 / Mi 16
[08:58:26] [Server thread/INFO]: Entity Tracking Range: Pl 48 / An 48 / Mo 48 / Mi 32 / Other 64
[08:58:26] [Server thread/INFO]: Hopper Transfer: 8 Hopper Check: 8 Hopper Amount: 1
[08:58:26] [Server thread/INFO]: Random Lighting Updates: false
[08:58:26] [Server thread/INFO]: Structure Info Saving: true
[08:58:26] [Server thread/INFO]: Max Entity Collisions: 8
[08:58:26] [Server thread/INFO]: Custom Map Seeds:  Village: 10387312 Feature: 14357617
[08:58:26] [Server thread/INFO]: Max TNT Explosions: 100
[08:58:26] [Server thread/INFO]: Tile Max Tick Time: 50ms Entity max Tick Time: 50ms
[08:58:26] [Server thread/INFO]: Item Despawn Rate: 6000
[08:58:26] [Server thread/INFO]: Item Merge Radius: 2.5
[08:58:26] [Server thread/INFO]: Arrow Despawn Rate: 1200
[08:58:26] [Server thread/INFO]: Allow Zombie Pigmen to spawn from portal blocks: true
[08:58:26] [Server thread/INFO]: View Distance: 10
[08:58:26] [Server thread/INFO]: Zombie Aggressive Towards Villager: true
[08:58:26] [Server thread/INFO]: Experience Merge Radius: 3.0
[08:58:26] [Server thread/INFO]: Nerfing mobs spawned from spawners: false
[08:58:27] [Server thread/INFO]: -------- World Settings For [world_nether] --------
[08:58:27] [Server thread/INFO]: Mob Spawn Range: 4
[08:58:27] [Server thread/INFO]: Cactus Growth Modifier: 100%
[08:58:27] [Server thread/INFO]: Cane Growth Modifier: 100%
[08:58:27] [Server thread/INFO]: Melon Growth Modifier: 100%
[08:58:27] [Server thread/INFO]: Mushroom Growth Modifier: 100%
[08:58:27] [Server thread/INFO]: Pumpkin Growth Modifier: 100%
[08:58:27] [Server thread/INFO]: Sapling Growth Modifier: 100%
[08:58:27] [Server thread/INFO]: Wheat Growth Modifier: 100%
[08:58:27] [Server thread/INFO]: NetherWart Growth Modifier: 100%
[08:58:27] [Server thread/INFO]: Vine Growth Modifier: 100%
[08:58:27] [Server thread/INFO]: Cocoa Growth Modifier: 100%
[08:58:27] [Server thread/INFO]: Entity Activation Range: An 32 / Mo 32 / Mi 16
[08:58:27] [Server thread/INFO]: Entity Tracking Range: Pl 48 / An 48 / Mo 48 / Mi 32 / Other 64
[08:58:27] [Server thread/INFO]: Hopper Transfer: 8 Hopper Check: 8 Hopper Amount: 1
[08:58:27] [Server thread/INFO]: Random Lighting Updates: false
[08:58:27] [Server thread/INFO]: Structure Info Saving: true
[08:58:27] [Server thread/INFO]: Max Entity Collisions: 8
[08:58:27] [Server thread/INFO]: Custom Map Seeds:  Village: 10387312 Feature: 14357617
[08:58:27] [Server thread/INFO]: Max TNT Explosions: 100
[08:58:27] [Server thread/INFO]: Tile Max Tick Time: 50ms Entity max Tick Time: 50ms
[08:58:27] [Server thread/INFO]: Item Despawn Rate: 6000
[08:58:27] [Server thread/INFO]: Item Merge Radius: 2.5
[08:58:27] [Server thread/INFO]: Arrow Despawn Rate: 1200
[08:58:27] [Server thread/INFO]: Allow Zombie Pigmen to spawn from portal blocks: true
[08:58:27] [Server thread/INFO]: View Distance: 10
[08:58:27] [Server thread/INFO]: Zombie Aggressive Towards Villager: true
[08:58:27] [Server thread/INFO]: Experience Merge Radius: 3.0
[08:58:27] [Server thread/INFO]: Nerfing mobs spawned from spawners: false
[08:58:27] [Server thread/INFO]: -------- World Settings For [world_the_end] --------
[08:58:27] [Server thread/INFO]: Mob Spawn Range: 4
[08:58:27] [Server thread/INFO]: Cactus Growth Modifier: 100%
[08:58:27] [Server thread/INFO]: Cane Growth Modifier: 100%
[08:58:27] [Server thread/INFO]: Melon Growth Modifier: 100%
[08:58:27] [Server thread/INFO]: Mushroom Growth Modifier: 100%
[08:58:27] [Server thread/INFO]: Pumpkin Growth Modifier: 100%
[08:58:27] [Server thread/INFO]: Sapling Growth Modifier: 100%
[08:58:27] [Server thread/INFO]: Wheat Growth Modifier: 100%
[08:58:27] [Server thread/INFO]: NetherWart Growth Modifier: 100%
[08:58:27] [Server thread/INFO]: Vine Growth Modifier: 100%
[08:58:27] [Server thread/INFO]: Cocoa Growth Modifier: 100%
[08:58:27] [Server thread/INFO]: Entity Activation Range: An 32 / Mo 32 / Mi 16
[08:58:27] [Server thread/INFO]: Entity Tracking Range: Pl 48 / An 48 / Mo 48 / Mi 32 / Other 64
[08:58:27] [Server thread/INFO]: Hopper Transfer: 8 Hopper Check: 8 Hopper Amount: 1
[08:58:27] [Server thread/INFO]: Random Lighting Updates: false
[08:58:27] [Server thread/INFO]: Structure Info Saving: true
[08:58:27] [Server thread/INFO]: Max Entity Collisions: 8
[08:58:27] [Server thread/INFO]: Custom Map Seeds:  Village: 10387312 Feature: 14357617
[08:58:27] [Server thread/INFO]: Max TNT Explosions: 100
[08:58:27] [Server thread/INFO]: Tile Max Tick Time: 50ms Entity max Tick Time: 50ms
[08:58:27] [Server thread/INFO]: Item Despawn Rate: 6000
[08:58:27] [Server thread/INFO]: Item Merge Radius: 2.5
[08:58:27] [Server thread/INFO]: Arrow Despawn Rate: 1200
[08:58:27] [Server thread/INFO]: Allow Zombie Pigmen to spawn from portal blocks: true
[08:58:27] [Server thread/INFO]: View Distance: 10
[08:58:27] [Server thread/INFO]: Zombie Aggressive Towards Villager: true
[08:58:27] [Server thread/INFO]: Experience Merge Radius: 3.0
[08:58:27] [Server thread/INFO]: Nerfing mobs spawned from spawners: false
[08:58:27] [Server thread/INFO]: Preparing start region for level 0 (Seed: 538042269258399060)
[08:58:28] [Server thread/INFO]: Preparing spawn area: 6%
[08:58:29] [Server thread/INFO]: Preparing spawn area: 11%
[08:58:30] [Server thread/INFO]: Preparing spawn area: 16%
[08:58:31] [Server thread/INFO]: Preparing spawn area: 27%
[08:58:32] [Server thread/INFO]: Preparing spawn area: 37%
[08:58:33] [Server thread/INFO]: Preparing spawn area: 51%
[08:58:34] [Server thread/INFO]: Preparing spawn area: 62%
[08:58:35] [Server thread/INFO]: Preparing spawn area: 74%
[08:58:36] [Server thread/INFO]: Preparing spawn area: 86%
[08:58:37] [Server thread/INFO]: Preparing spawn area: 97%
[08:58:37] [Server thread/INFO]: Preparing start region for level 1 (Seed: 538042269258399060)
[08:58:38] [Server thread/INFO]: Preparing spawn area: 14%
[08:58:39] [Server thread/INFO]: Preparing spawn area: 25%
[08:58:40] [Server thread/INFO]: Preparing spawn area: 37%
[08:58:41] [Server thread/INFO]: Preparing spawn area: 49%
[08:58:42] [Server thread/INFO]: Preparing spawn area: 64%
[08:58:44] [Server thread/INFO]: Preparing spawn area: 79%
[08:58:45] [Server thread/INFO]: Preparing spawn area: 93%
[08:58:45] [Server thread/INFO]: Preparing start region for level 2 (Seed: 538042269258399060)
[08:58:46] [Server thread/INFO]: Preparing spawn area: 48%
[08:58:47] [Server thread/INFO]: Preparing spawn area: 97%
[08:58:47] [Server thread/INFO]: Done (21.128s)! For help, type "help" or "?"
[08:58:53] [Server thread/INFO]: Unknown command. Type "/help" for help.[m
[08:58:56] [Server thread/INFO]: Stopping the server
[08:58:56] [Server thread/INFO]: Stopping server
[08:58:56] [Server thread/INFO]: Saving players
[08:58:56] [Server thread/INFO]: Saving worlds
[08:58:56] [Server thread/INFO]: Saving chunks for level 'world'/Overworld
[08:58:57] [Server thread/INFO]: Saving chunks for level 'world_nether'/Nether
[08:58:57] [Server thread/INFO]: Saving chunks for level 'world_the_end'/The End
